{"/home/rgalleze/Documents/code/job_platform/models/user.js": {"path":"/home/rgalleze/Documents/code/job_platform/models/user.js","statementMap":{"0":{"start":{"line":1,"column":11},"end":{"line":1,"column":29}},"1":{"start":{"line":4,"column":13},"end":{"line":114,"column":1}},"2":{"start":{"line":6,"column":4},"end":{"line":13,"column":6}},"3":{"start":{"line":10,"column":12},"end":{"line":10,"column":46}},"4":{"start":{"line":10,"column":23},"end":{"line":10,"column":46}},"5":{"start":{"line":11,"column":12},"end":{"line":11,"column":43}},"6":{"start":{"line":16,"column":4},"end":{"line":23,"column":6}},"7":{"start":{"line":20,"column":12},"end":{"line":20,"column":47}},"8":{"start":{"line":20,"column":24},"end":{"line":20,"column":47}},"9":{"start":{"line":21,"column":12},"end":{"line":21,"column":46}},"10":{"start":{"line":26,"column":4},"end":{"line":33,"column":7}},"11":{"start":{"line":27,"column":8},"end":{"line":32,"column":14}},"12":{"start":{"line":30,"column":16},"end":{"line":31,"column":37}},"13":{"start":{"line":30,"column":27},"end":{"line":30,"column":41}},"14":{"start":{"line":31,"column":21},"end":{"line":31,"column":37}},"15":{"start":{"line":36,"column":4},"end":{"line":43,"column":7}},"16":{"start":{"line":37,"column":8},"end":{"line":42,"column":14}},"17":{"start":{"line":40,"column":16},"end":{"line":41,"column":37}},"18":{"start":{"line":40,"column":27},"end":{"line":40,"column":41}},"19":{"start":{"line":41,"column":21},"end":{"line":41,"column":37}},"20":{"start":{"line":46,"column":4},"end":{"line":52,"column":6}},"21":{"start":{"line":49,"column":12},"end":{"line":49,"column":47}},"22":{"start":{"line":49,"column":24},"end":{"line":49,"column":47}},"23":{"start":{"line":50,"column":12},"end":{"line":50,"column":43}},"24":{"start":{"line":55,"column":4},"end":{"line":62,"column":7}},"25":{"start":{"line":56,"column":8},"end":{"line":60,"column":14}},"26":{"start":{"line":58,"column":16},"end":{"line":59,"column":37}},"27":{"start":{"line":58,"column":27},"end":{"line":58,"column":41}},"28":{"start":{"line":59,"column":21},"end":{"line":59,"column":37}},"29":{"start":{"line":65,"column":4},"end":{"line":72,"column":7}},"30":{"start":{"line":66,"column":8},"end":{"line":70,"column":14}},"31":{"start":{"line":68,"column":16},"end":{"line":69,"column":37}},"32":{"start":{"line":68,"column":27},"end":{"line":68,"column":41}},"33":{"start":{"line":69,"column":21},"end":{"line":69,"column":37}},"34":{"start":{"line":75,"column":4},"end":{"line":82,"column":7}},"35":{"start":{"line":76,"column":8},"end":{"line":80,"column":14}},"36":{"start":{"line":78,"column":16},"end":{"line":79,"column":37}},"37":{"start":{"line":78,"column":27},"end":{"line":78,"column":41}},"38":{"start":{"line":79,"column":21},"end":{"line":79,"column":37}},"39":{"start":{"line":85,"column":4},"end":{"line":92,"column":7}},"40":{"start":{"line":86,"column":8},"end":{"line":90,"column":14}},"41":{"start":{"line":88,"column":16},"end":{"line":89,"column":37}},"42":{"start":{"line":88,"column":27},"end":{"line":88,"column":41}},"43":{"start":{"line":89,"column":21},"end":{"line":89,"column":37}},"44":{"start":{"line":95,"column":4},"end":{"line":102,"column":7}},"45":{"start":{"line":96,"column":8},"end":{"line":101,"column":14}},"46":{"start":{"line":99,"column":16},"end":{"line":100,"column":37}},"47":{"start":{"line":99,"column":27},"end":{"line":99,"column":41}},"48":{"start":{"line":100,"column":21},"end":{"line":100,"column":37}},"49":{"start":{"line":105,"column":4},"end":{"line":112,"column":7}},"50":{"start":{"line":106,"column":8},"end":{"line":111,"column":14}},"51":{"start":{"line":109,"column":16},"end":{"line":110,"column":37}},"52":{"start":{"line":109,"column":27},"end":{"line":109,"column":41}},"53":{"start":{"line":110,"column":21},"end":{"line":110,"column":37}},"54":{"start":{"line":116,"column":0},"end":{"line":116,"column":22}}},"fnMap":{"0":{"name":"(anonymous_0)","decl":{"start":{"line":5,"column":8},"end":{"line":5,"column":9}},"loc":{"start":{"line":5,"column":28},"end":{"line":14,"column":1}},"line":5},"1":{"name":"(anonymous_1)","decl":{"start":{"line":9,"column":8},"end":{"line":9,"column":9}},"loc":{"start":{"line":9,"column":28},"end":{"line":12,"column":9}},"line":9},"2":{"name":"(anonymous_2)","decl":{"start":{"line":15,"column":6},"end":{"line":15,"column":7}},"loc":{"start":{"line":15,"column":27},"end":{"line":24,"column":1}},"line":15},"3":{"name":"(anonymous_3)","decl":{"start":{"line":19,"column":8},"end":{"line":19,"column":9}},"loc":{"start":{"line":19,"column":28},"end":{"line":22,"column":9}},"line":19},"4":{"name":"(anonymous_4)","decl":{"start":{"line":25,"column":8},"end":{"line":25,"column":9}},"loc":{"start":{"line":25,"column":16},"end":{"line":34,"column":1}},"line":25},"5":{"name":"(anonymous_5)","decl":{"start":{"line":26,"column":23},"end":{"line":26,"column":24}},"loc":{"start":{"line":26,"column":44},"end":{"line":33,"column":5}},"line":26},"6":{"name":"(anonymous_6)","decl":{"start":{"line":29,"column":12},"end":{"line":29,"column":13}},"loc":{"start":{"line":29,"column":32},"end":{"line":32,"column":13}},"line":29},"7":{"name":"(anonymous_7)","decl":{"start":{"line":35,"column":14},"end":{"line":35,"column":15}},"loc":{"start":{"line":35,"column":29},"end":{"line":44,"column":1}},"line":35},"8":{"name":"(anonymous_8)","decl":{"start":{"line":36,"column":23},"end":{"line":36,"column":24}},"loc":{"start":{"line":36,"column":44},"end":{"line":43,"column":5}},"line":36},"9":{"name":"(anonymous_9)","decl":{"start":{"line":39,"column":12},"end":{"line":39,"column":13}},"loc":{"start":{"line":39,"column":32},"end":{"line":42,"column":13}},"line":39},"10":{"name":"(anonymous_10)","decl":{"start":{"line":45,"column":9},"end":{"line":45,"column":10}},"loc":{"start":{"line":45,"column":23},"end":{"line":53,"column":1}},"line":45},"11":{"name":"(anonymous_11)","decl":{"start":{"line":48,"column":8},"end":{"line":48,"column":9}},"loc":{"start":{"line":48,"column":28},"end":{"line":51,"column":9}},"line":48},"12":{"name":"(anonymous_12)","decl":{"start":{"line":54,"column":18},"end":{"line":54,"column":19}},"loc":{"start":{"line":54,"column":31},"end":{"line":63,"column":1}},"line":54},"13":{"name":"(anonymous_13)","decl":{"start":{"line":55,"column":23},"end":{"line":55,"column":24}},"loc":{"start":{"line":55,"column":44},"end":{"line":62,"column":5}},"line":55},"14":{"name":"(anonymous_14)","decl":{"start":{"line":57,"column":12},"end":{"line":57,"column":13}},"loc":{"start":{"line":57,"column":32},"end":{"line":60,"column":13}},"line":57},"15":{"name":"(anonymous_15)","decl":{"start":{"line":64,"column":19},"end":{"line":64,"column":20}},"loc":{"start":{"line":64,"column":26},"end":{"line":73,"column":1}},"line":64},"16":{"name":"(anonymous_16)","decl":{"start":{"line":65,"column":23},"end":{"line":65,"column":24}},"loc":{"start":{"line":65,"column":44},"end":{"line":72,"column":5}},"line":65},"17":{"name":"(anonymous_17)","decl":{"start":{"line":67,"column":12},"end":{"line":67,"column":13}},"loc":{"start":{"line":67,"column":32},"end":{"line":70,"column":13}},"line":67},"18":{"name":"(anonymous_18)","decl":{"start":{"line":74,"column":11},"end":{"line":74,"column":12}},"loc":{"start":{"line":74,"column":20},"end":{"line":83,"column":1}},"line":74},"19":{"name":"(anonymous_19)","decl":{"start":{"line":75,"column":23},"end":{"line":75,"column":24}},"loc":{"start":{"line":75,"column":44},"end":{"line":82,"column":5}},"line":75},"20":{"name":"(anonymous_20)","decl":{"start":{"line":77,"column":12},"end":{"line":77,"column":13}},"loc":{"start":{"line":77,"column":32},"end":{"line":80,"column":13}},"line":77},"21":{"name":"(anonymous_21)","decl":{"start":{"line":84,"column":17},"end":{"line":84,"column":18}},"loc":{"start":{"line":84,"column":26},"end":{"line":93,"column":1}},"line":84},"22":{"name":"(anonymous_22)","decl":{"start":{"line":85,"column":23},"end":{"line":85,"column":24}},"loc":{"start":{"line":85,"column":44},"end":{"line":92,"column":5}},"line":85},"23":{"name":"(anonymous_23)","decl":{"start":{"line":87,"column":12},"end":{"line":87,"column":13}},"loc":{"start":{"line":87,"column":32},"end":{"line":90,"column":13}},"line":87},"24":{"name":"(anonymous_24)","decl":{"start":{"line":94,"column":11},"end":{"line":94,"column":12}},"loc":{"start":{"line":94,"column":22},"end":{"line":103,"column":1}},"line":94},"25":{"name":"(anonymous_25)","decl":{"start":{"line":95,"column":23},"end":{"line":95,"column":24}},"loc":{"start":{"line":95,"column":44},"end":{"line":102,"column":5}},"line":95},"26":{"name":"(anonymous_26)","decl":{"start":{"line":98,"column":12},"end":{"line":98,"column":13}},"loc":{"start":{"line":98,"column":32},"end":{"line":101,"column":13}},"line":98},"27":{"name":"(anonymous_27)","decl":{"start":{"line":104,"column":11},"end":{"line":104,"column":12}},"loc":{"start":{"line":104,"column":22},"end":{"line":113,"column":1}},"line":104},"28":{"name":"(anonymous_28)","decl":{"start":{"line":105,"column":23},"end":{"line":105,"column":24}},"loc":{"start":{"line":105,"column":44},"end":{"line":112,"column":5}},"line":105},"29":{"name":"(anonymous_29)","decl":{"start":{"line":108,"column":12},"end":{"line":108,"column":13}},"loc":{"start":{"line":108,"column":32},"end":{"line":111,"column":13}},"line":108}},"branchMap":{"0":{"loc":{"start":{"line":10,"column":12},"end":{"line":10,"column":46}},"type":"if","locations":[{"start":{"line":10,"column":12},"end":{"line":10,"column":46}},{"start":{},"end":{}}],"line":10},"1":{"loc":{"start":{"line":20,"column":12},"end":{"line":20,"column":47}},"type":"if","locations":[{"start":{"line":20,"column":12},"end":{"line":20,"column":47}},{"start":{},"end":{}}],"line":20},"2":{"loc":{"start":{"line":30,"column":16},"end":{"line":31,"column":37}},"type":"if","locations":[{"start":{"line":30,"column":16},"end":{"line":31,"column":37}},{"start":{"line":31,"column":21},"end":{"line":31,"column":37}}],"line":30},"3":{"loc":{"start":{"line":40,"column":16},"end":{"line":41,"column":37}},"type":"if","locations":[{"start":{"line":40,"column":16},"end":{"line":41,"column":37}},{"start":{"line":41,"column":21},"end":{"line":41,"column":37}}],"line":40},"4":{"loc":{"start":{"line":49,"column":12},"end":{"line":49,"column":47}},"type":"if","locations":[{"start":{"line":49,"column":12},"end":{"line":49,"column":47}},{"start":{},"end":{}}],"line":49},"5":{"loc":{"start":{"line":58,"column":16},"end":{"line":59,"column":37}},"type":"if","locations":[{"start":{"line":58,"column":16},"end":{"line":59,"column":37}},{"start":{"line":59,"column":21},"end":{"line":59,"column":37}}],"line":58},"6":{"loc":{"start":{"line":68,"column":16},"end":{"line":69,"column":37}},"type":"if","locations":[{"start":{"line":68,"column":16},"end":{"line":69,"column":37}},{"start":{"line":69,"column":21},"end":{"line":69,"column":37}}],"line":68},"7":{"loc":{"start":{"line":78,"column":16},"end":{"line":79,"column":37}},"type":"if","locations":[{"start":{"line":78,"column":16},"end":{"line":79,"column":37}},{"start":{"line":79,"column":21},"end":{"line":79,"column":37}}],"line":78},"8":{"loc":{"start":{"line":88,"column":16},"end":{"line":89,"column":37}},"type":"if","locations":[{"start":{"line":88,"column":16},"end":{"line":89,"column":37}},{"start":{"line":89,"column":21},"end":{"line":89,"column":37}}],"line":88},"9":{"loc":{"start":{"line":99,"column":16},"end":{"line":100,"column":37}},"type":"if","locations":[{"start":{"line":99,"column":16},"end":{"line":100,"column":37}},{"start":{"line":100,"column":21},"end":{"line":100,"column":37}}],"line":99},"10":{"loc":{"start":{"line":109,"column":16},"end":{"line":110,"column":37}},"type":"if","locations":[{"start":{"line":109,"column":16},"end":{"line":110,"column":37}},{"start":{"line":110,"column":21},"end":{"line":110,"column":37}}],"line":109}},"s":{"0":1,"1":1,"2":1,"3":1,"4":0,"5":1,"6":1,"7":1,"8":0,"9":1,"10":1,"11":1,"12":1,"13":0,"14":1,"15":1,"16":1,"17":1,"18":0,"19":1,"20":0,"21":0,"22":0,"23":0,"24":0,"25":0,"26":0,"27":0,"28":0,"29":0,"30":0,"31":0,"32":0,"33":0,"34":0,"35":0,"36":0,"37":0,"38":0,"39":0,"40":0,"41":0,"42":0,"43":0,"44":0,"45":0,"46":0,"47":0,"48":0,"49":0,"50":0,"51":0,"52":0,"53":0,"54":1},"f":{"0":1,"1":1,"2":1,"3":1,"4":1,"5":1,"6":1,"7":1,"8":1,"9":1,"10":0,"11":0,"12":0,"13":0,"14":0,"15":0,"16":0,"17":0,"18":0,"19":0,"20":0,"21":0,"22":0,"23":0,"24":0,"25":0,"26":0,"27":0,"28":0,"29":0},"b":{"0":[0,1],"1":[0,1],"2":[0,1],"3":[0,1],"4":[0,0],"5":[0,0],"6":[0,0],"7":[0,0],"8":[0,0],"9":[0,0],"10":[0,0]},"_coverageSchema":"1a1c01bbd47fc00a2c39e90264f33305004495a9","hash":"e410c56484586651d540adc7edea7ec97ae569dc"}
}
